2024-07-26 04:34:17,900 - INFO - Data Fetched From Google Sheet!
2024-07-26 04:34:20,080 - INFO - Driver Initiated!
2024-07-26 04:34:20,832 - INFO - Logged in to the mail server successfully.
2024-07-26 04:34:20,832 - INFO - Made 6 Batches of 20 Number(s) for Further Processing
2024-07-26 04:34:20,832 - INFO - Processing Batch 1/6
2024-07-26 04:34:37,324 - INFO - Form Filled Successfully
2024-07-26 04:34:43,013 - INFO - OTP Received: 48877
2024-07-26 04:34:46,022 - INFO - Batch 1/6 Finished Successfully => Feedback ID => FCRFE07252024233445395
2024-07-26 04:34:46,523 - INFO - Processing Batch 2/6
2024-07-26 04:34:57,270 - INFO - Form Filled Successfully
2024-07-26 04:35:02,892 - INFO - OTP Received: 12740
2024-07-26 04:35:05,822 - INFO - Batch 2/6 Finished Successfully => Feedback ID => FCRFE07252024233505350
2024-07-26 04:35:06,327 - INFO - Processing Batch 3/6
2024-07-26 04:35:15,427 - INFO - Form Filled Successfully
2024-07-26 04:35:32,061 - INFO - OTP Received: 96980
2024-07-26 04:35:35,461 - INFO - Batch 3/6 Finished Successfully => Feedback ID => FCRFE07252024233534741
2024-07-26 04:35:35,974 - INFO - Processing Batch 4/6
2024-07-26 04:35:45,277 - INFO - Form Filled Successfully
2024-07-26 04:35:50,921 - INFO - OTP Received: 93228
2024-07-26 04:35:53,782 - INFO - Batch 4/6 Finished Successfully => Feedback ID => FCRFE07252024233553349
2024-07-26 04:35:54,286 - INFO - Processing Batch 5/6
2024-07-26 04:36:03,789 - INFO - Form Filled Successfully
2024-07-26 04:36:20,321 - INFO - OTP Received: 22213
2024-07-26 04:36:26,837 - INFO - Batch 5/6 Finished Successfully => Feedback ID => FCRFE07252024233626223
2024-07-26 04:36:27,342 - INFO - Processing Batch 6/6
2024-07-26 04:36:40,549 - INFO - Form Filled Successfully
2024-07-26 04:36:46,257 - INFO - OTP Received: 80744
2024-07-26 04:36:48,777 - INFO - Batch 6/6 Finished Successfully => Feedback ID => FCRFE07252024233647919
2024-07-26 04:36:49,424 - INFO - Logged out from the mail server.
2024-07-26 04:37:14,743 - INFO - Driver Exited After Successful Run Of The BOT!
2024-07-26 04:39:34,477 - INFO - Bot Run Started at => 2024-07-25 23:39:34+00:00
2024-07-26 04:39:35,342 - INFO - Data Fetched From Google Sheet!
2024-07-26 04:39:37,367 - INFO - Driver Initiated!
2024-07-26 04:39:38,159 - INFO - Logged in to the mail server successfully.
2024-07-26 04:39:38,159 - INFO - Made 6 Batches of 20 Number(s) for Further Processing
2024-07-26 04:39:38,159 - INFO - Processing Batch 1/6
2024-07-26 04:39:51,412 - INFO - Form Filled Successfully
2024-07-26 04:39:57,019 - INFO - OTP Received: 73170
2024-07-26 04:40:00,438 - INFO - Batch 1/6 Finished Successfully => Feedback ID => FCRFE07252024233959564
2024-07-26 04:40:00,939 - INFO - Processing Batch 2/6
2024-07-26 04:40:08,812 - INFO - Form Filled Successfully
2024-07-26 04:40:25,170 - INFO - OTP Received: 83482
2024-07-26 04:40:28,030 - INFO - Batch 2/6 Finished Successfully => Feedback ID => FCRFE07252024234027576
2024-07-26 04:40:28,544 - INFO - Processing Batch 3/6
2024-07-26 04:40:36,611 - INFO - Form Filled Successfully
2024-07-26 04:40:47,622 - INFO - OTP Received: 24131
2024-07-26 04:40:50,490 - INFO - Batch 3/6 Finished Successfully => Feedback ID => FCRFE07252024234050033
2024-07-26 04:40:50,999 - INFO - Processing Batch 4/6
2024-07-26 04:40:58,854 - INFO - Form Filled Successfully
2024-07-26 04:41:08,958 - INFO - OTP Received: 92049
2024-07-26 04:41:12,406 - INFO - Batch 4/6 Finished Successfully => Feedback ID => FCRFE07252024234111683
2024-07-26 04:41:12,921 - INFO - Processing Batch 5/6
2024-07-26 04:41:22,421 - INFO - Form Filled Successfully
2024-07-26 04:41:27,327 - INFO - Logged out from the mail server.
2024-07-26 04:42:01,407 - INFO - Bot Run Started at => 2024-07-25 23:42:01+00:00
2024-07-26 04:42:02,124 - INFO - Data Fetched From Google Sheet!
2024-07-26 04:42:03,826 - INFO - Driver Initiated!
2024-07-26 04:42:04,571 - INFO - Logged in to the mail server successfully.
2024-07-26 04:42:04,571 - INFO - Made 6 Batches of 20 Number(s) for Further Processing
2024-07-26 04:42:04,571 - INFO - Processing Batch 1/6
2024-07-26 04:42:15,631 - INFO - Form Filled Successfully
2024-07-26 04:42:28,754 - INFO - OTP Received: 14118
2024-07-26 04:42:31,576 - INFO - Batch 1/6 Finished Successfully => Feedback ID => FCRFE07252024234231094
2024-07-26 04:42:32,092 - INFO - Processing Batch 2/6
2024-07-26 04:42:39,985 - INFO - Form Filled Successfully
2024-07-26 04:42:45,576 - INFO - OTP Received: 99148
2024-07-26 04:42:48,418 - INFO - Batch 2/6 Finished Successfully => Feedback ID => FCRFE07252024234247887
2024-07-26 04:42:48,919 - INFO - Processing Batch 3/6
2024-07-26 04:42:56,680 - INFO - Form Filled Successfully
2024-07-26 04:43:02,311 - INFO - OTP Received: 72560
2024-07-26 04:43:05,171 - INFO - Batch 3/6 Finished Successfully => Feedback ID => FCRFE07252024234304696
2024-07-26 04:43:05,671 - INFO - Processing Batch 4/6
2024-07-26 04:43:06,448 - INFO - Logged out from the mail server.
2024-07-26 04:43:50,813 - INFO - Bot Run Started at => 2024-07-25 23:43:50+00:00
2024-07-26 04:43:51,530 - INFO - Data Fetched From Google Sheet!
2024-07-26 04:44:40,785 - INFO - Bot Run Started at => 2024-07-25 23:44:40+00:00
2024-07-26 04:44:41,703 - INFO - Data Fetched From Google Sheet!
2024-07-26 04:46:32,568 - INFO - Bot Run Started at => 2024-07-25 23:46:32+00:00
2024-07-26 04:46:33,270 - INFO - Data Fetched From Google Sheet!
2024-07-26 04:49:27,663 - INFO - Bot Run Started at => 2024-07-25 23:49:27+00:00
2024-07-26 04:49:28,402 - INFO - Data Fetched From Google Sheet!
2024-07-26 04:49:29,990 - INFO - Driver Initiated!
2024-07-26 04:49:30,700 - INFO - Logged in to the mail server successfully.
2024-07-26 04:49:30,700 - INFO - Made 6 Batches of 20 Number(s) for Further Processing
2024-07-26 04:49:30,700 - INFO - Processing Batch 1/6
2024-07-26 04:49:42,814 - INFO - Form Filled Successfully
2024-07-26 04:49:46,516 - INFO - Logged out from the mail server.
